<?xml version="1.0" encoding="UTF-8"?>
<!-- Generated by org.testng.reporters.JUnitXMLReporter -->
<testsuite hostname="LAPTOP-U9C750LG" name="Test" tests="4" failures="0" timestamp="3 Jan 2023 10:19:13 GMT" time="0.145" errors="0">
  <testcase name="afg" time="0.015" classname="com.tsets.Test1"/>
  <testcase name="wi" time="0.0" classname="com.tsets.Test1"/>
  <testcase name="aus" time="0.005" classname="com.tsets.Test2"/>
  <testcase name="ind" time="0.0" classname="com.tsets.Test2"/>
</testsuite> <!-- Test -->
