<?xml version="1.0" encoding="UTF-8"?>
<testng-results skipped="0" failed="0" total="2" passed="2">
  <reporter-output>
  </reporter-output>
  <suite name="Default suite" duration-ms="723" started-at="2023-01-04T14:43:01Z" finished-at="2023-01-04T14:43:02Z">
    <groups>
    </groups>
    <test name="Default test" duration-ms="723" started-at="2023-01-04T14:43:01Z" finished-at="2023-01-04T14:43:02Z">
      <class name="com.tsets.Test1">
        <test-method status="PASS" signature="rcb()[pri:0, instance:com.tsets.Test1@6debcae2]" name="rcb" is-config="true" duration-ms="423" started-at="2023-01-04T20:13:01Z" finished-at="2023-01-04T20:13:02Z">
          <reporter-output>
          </reporter-output>
        </test-method> <!-- rcb -->
        <test-method status="PASS" signature="afg()[pri:0, instance:com.tsets.Test1@6debcae2]" name="afg" duration-ms="28" started-at="2023-01-04T20:13:02Z" finished-at="2023-01-04T20:13:02Z">
          <reporter-output>
          </reporter-output>
        </test-method> <!-- afg -->
        <test-method status="PASS" signature="wi()[pri:0, instance:com.tsets.Test1@6debcae2]" name="wi" duration-ms="2" started-at="2023-01-04T20:13:02Z" finished-at="2023-01-04T20:13:02Z">
          <reporter-output>
          </reporter-output>
        </test-method> <!-- wi -->
        <test-method status="PASS" signature="eng()[pri:0, instance:com.tsets.Test1@6debcae2]" name="eng" is-config="true" duration-ms="1" started-at="2023-01-04T20:13:02Z" finished-at="2023-01-04T20:13:02Z">
          <reporter-output>
          </reporter-output>
        </test-method> <!-- eng -->
      </class> <!-- com.tsets.Test1 -->
    </test> <!-- Default test -->
  </suite> <!-- Default suite -->
</testng-results>
